<?xml version="1.0" encoding="UTF-8"?>
<testng-results ignored="0" total="1" passed="1" failed="0" skipped="0">
  <reporter-output>
  </reporter-output>
  <suite started-at="2022-05-26T20:29:42 IST" name="Default suite" finished-at="2022-05-26T20:29:42 IST" duration-ms="37">
    <groups>
    </groups>
    <test started-at="2022-05-26T20:29:42 IST" name="Default test" finished-at="2022-05-26T20:29:42 IST" duration-ms="37">
      <class name="rivisionsylabus1.TestNG">
        <test-method signature="method()[pri:0, instance:rivisionsylabus1.TestNG@156b88f5]" started-at="2022-05-26T20:29:42 IST" name="method" finished-at="2022-05-26T20:29:42 IST" duration-ms="7" status="PASS">
          <reporter-output>
          </reporter-output>
        </test-method> <!-- method -->
      </class> <!-- rivisionsylabus1.TestNG -->
    </test> <!-- Default test -->
  </suite> <!-- Default suite -->
</testng-results>
